<?xml version="1.0" encoding="UTF-8"?>
<!-- Generated by org.testng.reporters.JUnitReportReporter -->
<testsuite hostname="COG-WIN-MAC04" failures="0" tests="2" name="testcases.CompanySetupTest" time="374.831" errors="0" timestamp="2022-07-20T11:58:03 IST" skipped="0">
  <testcase classname="testcases.CompanySetupTest" name="ValidationCheck" time="164.888"/>
  <system-out/>
  <testcase classname="testcases.CompanySetupTest" name="addUser" time="209.943"/>
  <system-out/>
</testsuite> <!-- testcases.CompanySetupTest -->
