<?xml version="1.0" encoding="UTF-8"?>
<!-- Generated by org.testng.reporters.JUnitReportReporter -->
<testsuite hostname="COG-WIN-MAC04" failures="0" tests="1" name="testcases.CompanySetupTest" time="183.950" errors="0" timestamp="2022-07-07T13:04:00 IST" skipped="0">
  <testcase classname="testcases.CompanySetupTest" name="addUser" time="183.950"/>
  <system-out/>
</testsuite> <!-- testcases.CompanySetupTest -->
