<?xml version="1.0" encoding="UTF-8"?>
<!-- Generated by org.testng.reporters.JUnitReportReporter -->
<testsuite hostname="COG-WIN-MAC04" failures="0" tests="1" name="testcases.PerformanceReviewTest" time="45.006" errors="0" timestamp="2022-07-06T17:41:14 IST" skipped="0">
  <testcase classname="testcases.PerformanceReviewTest" name="addReview" time="45.006"/>
  <system-out/>
</testsuite> <!-- testcases.PerformanceReviewTest -->
