<?xml version="1.0" encoding="UTF-8"?>
<!-- Generated by org.testng.reporters.JUnitReportReporter -->
<testsuite hostname="COG-WIN-MAC04" failures="0" tests="1" name="testcases.PerformanceReviewTest" time="29.735" errors="0" timestamp="2022-07-07T16:56:25 IST" skipped="0">
  <testcase classname="testcases.PerformanceReviewTest" name="addReview" time="29.735"/>
  <system-out/>
</testsuite> <!-- testcases.PerformanceReviewTest -->
